c:\users\sergi\source\repos\cinemax\cinemax\debug\cinemax.comprar1.resources
c:\users\sergi\source\repos\cinemax\cinemax\debug\cinemax.comprarasientos11.resources
c:\users\sergi\source\repos\cinemax\cinemax\debug\cinemax.index.resources
c:\users\sergi\source\repos\cinemax\cinemax\debug\cinemax.inicio.resources
c:\users\sergi\source\repos\cinemax\cinemax\debug\cinemax.reservas1.resources
c:\users\sergi\source\repos\cinemax\cinemax\debug\cinemax.selecasientos1.resources
c:\users\sergi\source\repos\cinemax\cinemax\debug\vc141.pdb
c:\users\sergi\source\repos\cinemax\cinemax\debug\teatro.obj
c:\users\sergi\source\repos\cinemax\cinemax\debug\sala.obj
c:\users\sergi\source\repos\cinemax\cinemax\debug\reservas1.obj
c:\users\sergi\source\repos\cinemax\cinemax\debug\nodoasientos.obj
c:\users\sergi\source\repos\cinemax\cinemax\debug\listaasientosnormales.obj
c:\users\sergi\source\repos\cinemax\cinemax\debug\funcion.obj
c:\users\sergi\source\repos\cinemax\cinemax\debug\comprarasientos11.obj
c:\users\sergi\source\repos\cinemax\cinemax\debug\boletos.obj
c:\users\sergi\source\repos\cinemax\cinemax\debug\asiento.obj
c:\users\sergi\source\repos\cinemax\cinemax\debug\.netframework,version=v4.6.1.assemblyattributes.obj
c:\users\sergi\source\repos\cinemax\cinemax\debug\.netframework,version=v4.6.1.assemblyattributes.asm
c:\users\sergi\source\repos\cinemax\cinemax\debug\selecasientos1.obj
c:\users\sergi\source\repos\cinemax\cinemax\debug\comprar1.obj
c:\users\sergi\source\repos\cinemax\cinemax\debug\inicio.obj
c:\users\sergi\source\repos\cinemax\cinemax\debug\index.obj
c:\users\sergi\source\repos\cinemax\cinemax\debug\cinemax.res
c:\users\sergi\source\repos\cinemax\cinemax\debug\cinemax.vcxproj.generateresource.cache
c:\users\sergi\source\repos\cinemax\cinemax\debug\cinemax.vcxprojassemblyreference.cache
c:\users\sergi\source\repos\cinemax\debug\cinemax.pdb
c:\users\sergi\source\repos\cinemax\cinemax\debug\cinemax.tlog\cinemax.write.1u.tlog
c:\users\sergi\source\repos\cinemax\cinemax\debug\cinemax.tlog\cl.command.1.tlog
c:\users\sergi\source\repos\cinemax\cinemax\debug\cinemax.tlog\cl.read.1.tlog
c:\users\sergi\source\repos\cinemax\cinemax\debug\cinemax.tlog\cl.write.1.tlog
c:\users\sergi\source\repos\cinemax\cinemax\debug\cinemax.tlog\link.15420-cvtres.read.1.tlog
c:\users\sergi\source\repos\cinemax\cinemax\debug\cinemax.tlog\link.15420-cvtres.write.1.tlog
c:\users\sergi\source\repos\cinemax\cinemax\debug\cinemax.tlog\link.15420-rc.read.1.tlog
c:\users\sergi\source\repos\cinemax\cinemax\debug\cinemax.tlog\link.15420-rc.write.1.tlog
c:\users\sergi\source\repos\cinemax\cinemax\debug\cinemax.tlog\link.15420.read.1.tlog
c:\users\sergi\source\repos\cinemax\cinemax\debug\cinemax.tlog\link.15420.write.1.tlog
c:\users\sergi\source\repos\cinemax\cinemax\debug\cinemax.tlog\link.command.1.tlog
c:\users\sergi\source\repos\cinemax\cinemax\debug\cinemax.tlog\link.read.1.tlog
c:\users\sergi\source\repos\cinemax\cinemax\debug\cinemax.tlog\link.write.1.tlog
c:\users\sergi\source\repos\cinemax\cinemax\debug\cinemax.tlog\metagen.read.1.tlog
c:\users\sergi\source\repos\cinemax\cinemax\debug\cinemax.tlog\metagen.write.1.tlog
c:\users\sergi\source\repos\cinemax\cinemax\debug\cinemax.tlog\rc.command.1.tlog
c:\users\sergi\source\repos\cinemax\cinemax\debug\cinemax.tlog\rc.read.1.tlog
c:\users\sergi\source\repos\cinemax\cinemax\debug\cinemax.tlog\rc.write.1.tlog
